<?xml version="1.0" encoding="UTF-8"?>
<!-- Generated by org.testng.reporters.JUnitReportReporter -->
<testsuite hostname="DESKTOP-OPFNA1B" failures="0" tests="1" name="KEYWORDSFramework.Test.PrincipalTest" time="15.242" errors="0" timestamp="21 may. 2021 03:33:53 GMT" skipped="0">
  <testcase classname="KEYWORDSFramework.Test.PrincipalTest" name="Principal_testcase" time="15.242"/>
</testsuite> <!-- KEYWORDSFramework.Test.PrincipalTest -->
