<?xml version="1.0" encoding="UTF-8"?>
<!-- Generated by org.testng.reporters.JUnitReportReporter -->
<testsuite hostname="DESKTOP-OPFNA1B" failures="0" tests="3" name="POMFramework.Test.LoginTest" time="22.888" errors="0" timestamp="21 may. 2021 21:47:32 GMT" skipped="0">
  <testcase classname="POMFramework.Test.LoginTest" name="LoginSuccess_testcase" time="8.707"/>
  <testcase classname="POMFramework.Test.LoginTest" name="editMyInfo" time="12.769"/>
  <testcase classname="POMFramework.Test.LoginTest" name="seeManageReviewsMyReviews" time="1.412"/>
</testsuite> <!-- POMFramework.Test.LoginTest -->
