<?xml version="1.0" encoding="UTF-8"?>
<!-- Generated by org.testng.reporters.JUnitReportReporter -->
<testsuite hostname="DESKTOP-OPFNA1B" failures="0" tests="1" name="POMFramework.Test.LoginTest" time="18.830" errors="0" timestamp="21 may. 2021 08:17:11 GMT" skipped="0">
  <testcase classname="POMFramework.Test.LoginTest" name="LoginSuccess_testcase" time="18.830"/>
</testsuite> <!-- POMFramework.Test.LoginTest -->
