<?xml version="1.0" encoding="UTF-8"?>
<!-- Generated by org.testng.reporters.JUnitReportReporter -->
<testsuite hostname="DESKTOP-OPFNA1B" failures="0" tests="1" name="KEYWORDSFramework.Test.PrincipalTest" time="20.604" errors="0" timestamp="22 may. 2021 01:20:48 GMT" skipped="0">
  <testcase classname="KEYWORDSFramework.Test.PrincipalTest" name="Principal_testcase" time="20.604"/>
</testsuite> <!-- KEYWORDSFramework.Test.PrincipalTest -->
