<?xml version="1.0" encoding="UTF-8"?>
<!-- Generated by org.testng.reporters.JUnitReportReporter -->
<testsuite hostname="DESKTOP-OPFNA1B" failures="0" tests="3" name="POMFramework.Test.LoginTest" time="17.850" errors="0" timestamp="22 may. 2021 01:20:48 GMT" skipped="0">
  <testcase classname="POMFramework.Test.LoginTest" name="LoginSuccess" time="8.885"/>
  <testcase classname="POMFramework.Test.LoginTest" name="EditMyInfo" time="7.871"/>
  <testcase classname="POMFramework.Test.LoginTest" name="SeeManageReviewsMyReviews" time="1.094"/>
</testsuite> <!-- POMFramework.Test.LoginTest -->
