<?xml version="1.0" encoding="UTF-8"?>
<!-- Generated by org.testng.reporters.JUnitReportReporter -->
<testsuite hostname="DESKTOP-OPFNA1B" failures="0" tests="3" name="POMFramework.Test.LoginTest" time="18.298" errors="0" timestamp="22 may. 2021 00:16:04 GMT" skipped="0">
  <testcase classname="POMFramework.Test.LoginTest" name="LoginSuccess" time="8.791"/>
  <testcase classname="POMFramework.Test.LoginTest" name="EditMyInfo" time="8.370"/>
  <testcase classname="POMFramework.Test.LoginTest" name="SeeManageReviewsMyReviews" time="1.137"/>
</testsuite> <!-- POMFramework.Test.LoginTest -->
