<?xml version="1.0" encoding="UTF-8"?>
<!-- Generated by org.testng.reporters.JUnitReportReporter -->
<testsuite hostname="DESKTOP-OPFNA1B" failures="0" tests="3" name="POMFramework.Test.LoginTest" time="25.962" errors="0" timestamp="21 may. 2021 19:58:24 GMT" skipped="0">
  <testcase classname="POMFramework.Test.LoginTest" name="LoginSuccess_testcase" time="15.469"/>
  <testcase classname="POMFramework.Test.LoginTest" name="editMyInfo" time="9.293"/>
  <testcase classname="POMFramework.Test.LoginTest" name="seeManageReviewsMyReviews" time="1.200"/>
</testsuite> <!-- POMFramework.Test.LoginTest -->
